Flow report for SynthesizerFinal
Thu Dec 12 12:48:32 2019
Quartus Prime Version 18.0.0 Build 614 04/24/2018 SJ Lite Edition


---------------------
; Table of Contents ;
---------------------
  1. Legal Notice
  2. Flow Summary
  3. Flow Settings
  4. Flow Non-Default Global Settings
  5. Flow Elapsed Time
  6. Flow OS Summary
  7. Flow Log
  8. Flow Messages
  9. Flow Suppressed Messages



----------------
; Legal Notice ;
----------------
Copyright (C) 2018  Intel Corporation. All rights reserved.
Your use of Intel Corporation's design tools, logic functions 
and other software and tools, and its AMPP partner logic 
functions, and any output files from any of the foregoing 
(including device programming or simulation files), and any 
associated documentation or information are expressly subject 
to the terms and conditions of the Intel Program License 
Subscription Agreement, the Intel Quartus Prime License Agreement,
the Intel FPGA IP License Agreement, or other applicable license
agreement, including, without limitation, that your use is for
the sole purpose of programming logic devices manufactured by
Intel and sold by Intel or its authorized distributors.  Please
refer to the applicable agreement for further details.



+----------------------------------------------------------------------------------+
; Flow Summary                                                                     ;
+------------------------------------+---------------------------------------------+
; Flow Status                        ; Successful - Thu Dec 12 12:48:32 2019       ;
; Quartus Prime Version              ; 18.0.0 Build 614 04/24/2018 SJ Lite Edition ;
; Revision Name                      ; SynthesizerFinal                            ;
; Top-level Entity Name              ; KS_algorithm                                ;
; Family                             ; Cyclone IV E                                ;
; Device                             ; EP4CE115F29C7                               ;
; Timing Models                      ; Final                                       ;
; Total logic elements               ; 204 / 114,480 ( < 1 % )                     ;
;     Total combinational functions  ; 186 / 114,480 ( < 1 % )                     ;
;     Dedicated logic registers      ; 147 / 114,480 ( < 1 % )                     ;
; Total registers                    ; 147                                         ;
; Total pins                         ; 30 / 529 ( 6 % )                            ;
; Total virtual pins                 ; 0                                           ;
; Total memory bits                  ; 15,360 / 3,981,312 ( < 1 % )                ;
; Embedded Multiplier 9-bit elements ; 0 / 532 ( 0 % )                             ;
; Total PLLs                         ; 0 / 4 ( 0 % )                               ;
+------------------------------------+---------------------------------------------+


+-----------------------------------------+
; Flow Settings                           ;
+-------------------+---------------------+
; Option            ; Setting             ;
+-------------------+---------------------+
; Start date & time ; 12/12/2019 12:47:37 ;
; Main task         ; Compilation         ;
; Revision Name     ; SynthesizerFinal    ;
+-------------------+---------------------+


+------------------------------------------------------------------------------------------------------------------------------------------------------------+
; Flow Non-Default Global Settings                                                                                                                           ;
+--------------------------------------+---------------------------------------------------------------+------------------+-----------------+----------------+
; Assignment Name                      ; Value                                                         ; Default Value    ; Entity Name     ; Section Id     ;
+--------------------------------------+---------------------------------------------------------------+------------------+-----------------+----------------+
; COMPILER_SIGNATURE_ID                ; 233654134694668.157617645608492                               ; --               ; --              ; --             ;
; EDA_DESIGN_INSTANCE_NAME             ; NA                                                            ; --               ; --              ; testbench      ;
; EDA_NATIVELINK_SIMULATION_TEST_BENCH ; testbench                                                     ; --               ; --              ; eda_simulation ;
; EDA_OUTPUT_DATA_FORMAT               ; Systemverilog Hdl                                             ; --               ; --              ; eda_simulation ;
; EDA_SIMULATION_TOOL                  ; ModelSim-Altera (SystemVerilog)                               ; <None>           ; --              ; --             ;
; EDA_TEST_BENCH_ENABLE_STATUS         ; TEST_BENCH_MODE                                               ; --               ; --              ; eda_simulation ;
; EDA_TEST_BENCH_FILE                  ; testbench.sv                                                  ; --               ; --              ; testbench      ;
; EDA_TEST_BENCH_MODULE_NAME           ; testbench                                                     ; --               ; --              ; testbench      ;
; EDA_TEST_BENCH_NAME                  ; testbench                                                     ; --               ; --              ; eda_simulation ;
; EDA_TEST_BENCH_RUN_SIM_FOR           ; 100 s                                                         ; --               ; --              ; testbench      ;
; EDA_TIME_SCALE                       ; 1 us                                                          ; --               ; --              ; eda_simulation ;
; MAX_CORE_JUNCTION_TEMP               ; 85                                                            ; --               ; --              ; --             ;
; MIN_CORE_JUNCTION_TEMP               ; 0                                                             ; --               ; --              ; --             ;
; MISC_FILE                            ; nios_system/synthesis/../nios_system.cmp                      ; --               ; --              ; --             ;
; MISC_FILE                            ; nios_system/synthesis/../../nios_system.qsys                  ; --               ; --              ; --             ;
; NOMINAL_CORE_SUPPLY_VOLTAGE          ; 1.2V                                                          ; --               ; --              ; --             ;
; PARTITION_COLOR                      ; -- (Not supported for targeted family)                        ; --               ; DE2_115_Default ; Top            ;
; PARTITION_COLOR                      ; -- (Not supported for targeted family)                        ; --               ; KS_algorithm    ; Top            ;
; PARTITION_COLOR                      ; -- (Not supported for targeted family)                        ; --               ; lab8            ; Top            ;
; PARTITION_FITTER_PRESERVATION_LEVEL  ; -- (Not supported for targeted family)                        ; --               ; DE2_115_Default ; Top            ;
; PARTITION_FITTER_PRESERVATION_LEVEL  ; -- (Not supported for targeted family)                        ; --               ; KS_algorithm    ; Top            ;
; PARTITION_FITTER_PRESERVATION_LEVEL  ; -- (Not supported for targeted family)                        ; --               ; lab8            ; Top            ;
; PARTITION_NETLIST_TYPE               ; -- (Not supported for targeted family)                        ; --               ; DE2_115_Default ; Top            ;
; PARTITION_NETLIST_TYPE               ; -- (Not supported for targeted family)                        ; --               ; KS_algorithm    ; Top            ;
; PARTITION_NETLIST_TYPE               ; -- (Not supported for targeted family)                        ; --               ; lab8            ; Top            ;
; POWER_BOARD_THERMAL_MODEL            ; None (CONSERVATIVE)                                           ; --               ; --              ; --             ;
; POWER_PRESET_COOLING_SOLUTION        ; 23 MM HEAT SINK WITH 200 LFPM AIRFLOW                         ; --               ; --              ; --             ;
; PROJECT_OUTPUT_DIRECTORY             ; output_files                                                  ; --               ; --              ; --             ;
; SLD_FILE                             ; nios_system/synthesis/nios_system.regmap                      ; --               ; --              ; --             ;
; SLD_FILE                             ; nios_system/synthesis/nios_system.debuginfo                   ; --               ; --              ; --             ;
; SLD_INFO                             ; QSYS_NAME nios_system HAS_SOPCINFO 1 GENERATION_ID 1576112564 ; --               ; nios_system     ; --             ;
; SOPCINFO_FILE                        ; nios_system/synthesis/../../nios_system.sopcinfo              ; --               ; --              ; --             ;
; SYNTHESIS_ONLY_QIP                   ; On                                                            ; --               ; --              ; --             ;
; TOP_LEVEL_ENTITY                     ; KS_algorithm                                                  ; SynthesizerFinal ; --              ; --             ;
+--------------------------------------+---------------------------------------------------------------+------------------+-----------------+----------------+


+--------------------------------------------------------------------------------------------------------------------------+
; Flow Elapsed Time                                                                                                        ;
+----------------------+--------------+-------------------------+---------------------+------------------------------------+
; Module Name          ; Elapsed Time ; Average Processors Used ; Peak Virtual Memory ; Total CPU Time (on all processors) ;
+----------------------+--------------+-------------------------+---------------------+------------------------------------+
; Analysis & Synthesis ; 00:00:20     ; 1.0                     ; 4827 MB             ; 00:00:36                           ;
; Fitter               ; 00:00:20     ; 1.0                     ; 5434 MB             ; 00:00:24                           ;
; Assembler            ; 00:00:03     ; 1.0                     ; 4686 MB             ; 00:00:03                           ;
; Timing Analyzer      ; 00:00:04     ; 1.0                     ; 4825 MB             ; 00:00:03                           ;
; EDA Netlist Writer   ; 00:00:02     ; 1.0                     ; 4662 MB             ; 00:00:02                           ;
; Total                ; 00:00:49     ; --                      ; --                  ; 00:01:08                           ;
+----------------------+--------------+-------------------------+---------------------+------------------------------------+


+------------------------------------------------------------------------------------+
; Flow OS Summary                                                                    ;
+----------------------+------------------+------------+------------+----------------+
; Module Name          ; Machine Hostname ; OS Name    ; OS Version ; Processor type ;
+----------------------+------------------+------------+------------+----------------+
; Analysis & Synthesis ; Erickson-PC      ; Windows 10 ; 10.0       ; x86_64         ;
; Fitter               ; Erickson-PC      ; Windows 10 ; 10.0       ; x86_64         ;
; Assembler            ; Erickson-PC      ; Windows 10 ; 10.0       ; x86_64         ;
; Timing Analyzer      ; Erickson-PC      ; Windows 10 ; 10.0       ; x86_64         ;
; EDA Netlist Writer   ; Erickson-PC      ; Windows 10 ; 10.0       ; x86_64         ;
+----------------------+------------------+------------+------------+----------------+


------------
; Flow Log ;
------------
quartus_map --read_settings_files=on --write_settings_files=off SynthesizerFinal -c SynthesizerFinal
quartus_fit --read_settings_files=off --write_settings_files=off SynthesizerFinal -c SynthesizerFinal
quartus_asm --read_settings_files=off --write_settings_files=off SynthesizerFinal -c SynthesizerFinal
quartus_sta SynthesizerFinal -c SynthesizerFinal
quartus_eda --read_settings_files=off --write_settings_files=off SynthesizerFinal -c SynthesizerFinal



